#
# There is insufficient memory for the Java Runtime Environment to continue.
# Native memory allocation (mmap) failed to map 134217728 bytes for G1 virtual space
# Possible reasons:
#   The system is out of physical RAM or swap space
#   The process is running with CompressedOops enabled, and the Java Heap may be blocking the growth of the native heap
# Possible solutions:
#   Reduce memory load on the system
#   Increase physical memory or swap space
#   Check if swap backing store is full
#   Decrease Java heap size (-Xmx/-Xms)
#   Decrease number of Java threads
#   Decrease Java thread stack sizes (-Xss)
#   Set larger code cache with -XX:ReservedCodeCacheSize=
#   JVM is running with Unscaled Compressed Oops mode in which the Java heap is
#     placed in the first 4GB address space. The Java Heap base address is the
#     maximum limit for the native heap growth. Please use -XX:HeapBaseMinAddress
#     to set the Java Heap base and to place the Java Heap above 4GB virtual address.
# This output file may be truncated or incomplete.
#
#  Out of Memory Error (os_windows.cpp:3466), pid=13896, tid=11620
#
# JRE version:  (16.0.1+9) (build )
# Java VM: OpenJDK 64-Bit Server VM (16.0.1+9-24, mixed mode, sharing, tiered, compressed oops, compressed class ptrs, g1 gc, windows-amd64)
# No core dump will be written. Minidumps are not enabled by default on client versions of Windows
#

---------------  S U M M A R Y ------------

Command Line: -Dfile.encoding=Cp1252 -XX:+ShowCodeDetailsInExceptionMessages inicio.JPAUtil

Host: Intel(R) Core(TM) i5-6300U CPU @ 2.40GHz, 4 cores, 7G,  Windows 10 , 64 bit Build 19041 (10.0.19041.1202)
Time: Sat Oct 23 20:14:15 2021 Argentina Standard Time elapsed time: 0.023483 seconds (0d 0h 0m 0s)

---------------  T H R E A D  ---------------

Current thread (0x0000016c3d61cc00):  JavaThread "Unknown thread" [_thread_in_vm, id=11620, stack(0x0000000b37200000,0x0000000b37300000)]

Stack: [0x0000000b37200000,0x0000000b37300000]
Native frames: (J=compiled Java code, j=interpreted, Vv=VM code, C=native code)
V  [jvm.dll+0x6687ca]
V  [jvm.dll+0x7ca3c9]
V  [jvm.dll+0x7cbb53]
V  [jvm.dll+0x7cc1b3]
V  [jvm.dll+0x242ea5]
V  [jvm.dll+0x665589]
V  [jvm.dll+0x65a175]
V  [jvm.dll+0x2fc5ab]
V  [jvm.dll+0x3037a6]
V  [jvm.dll+0x352fee]
V  [jvm.dll+0x35321f]
V  [jvm.dll+0x2d3618]
V  [jvm.dll+0x2d4854]
V  [jvm.dll+0x79ccb1]
V  [jvm.dll+0x360de1]
V  [jvm.dll+0x77a990]
V  [jvm.dll+0x3e55af]
V  [jvm.dll+0x3e7081]
C  [jli.dll+0x52fb]
C  [ucrtbase.dll+0x21bb2]
C  [KERNEL32.DLL+0x17034]
C  [ntdll.dll+0x52651]


---------------  P R O C E S S  ---------------

Threads class SMR info:
_java_thread_list=0x00007ff87560cbb8, length=0, elements={
}

Java Threads: ( => current thread )

Other Threads:
  0x0000016c3d65a6b0 GCTaskThread "GC Thread#0" [stack: 0x0000000b37300000,0x0000000b37400000] [id=20764]
  0x0000016c3d66cc20 ConcurrentGCThread "G1 Main Marker" [stack: 0x0000000b37400000,0x0000000b37500000] [id=10492]
  0x0000016c3d66d710 ConcurrentGCThread "G1 Conc#0" [stack: 0x0000000b37500000,0x0000000b37600000] [id=18492]

[error occurred during error reporting (printing all threads), id 0xc0000005, EXCEPTION_ACCESS_VIOLATION (0xc0000005) at pc=0x00007ff874de44d7]

VM state: not at safepoint (not fully initialized)

VM Mutex/Monitor currently owned by a thread:  ([mutex/lock_event])
[0x0000016c3d6185c0] Heap_lock - owner thread: 0x0000016c3d61cc00

Heap address: 0x0000000081c00000, size: 2020 MB, Compressed Oops mode: 32-bit

CDS archive(s) mapped at: [0x0000000000000000-0x0000000000000000-0x0000000000000000), size 0, SharedBaseAddress: 0x0000000800000000, ArchiveRelocationMode: 0.
Narrow klass base: 0x0000000000000000, Narrow klass shift: 0, Narrow klass range: 0x0

GC Precious Log:
<Empty>

Heap:
 garbage-first heap   total 0K, used 0K [0x0000000081c00000, 0x0000000100000000)
  region size 1024K, 0 young (0K), 0 survivors (0K)

[error occurred during error reporting (printing heap information), id 0xc0000005, EXCEPTION_ACCESS_VIOLATION (0xc0000005) at pc=0x00007ff8751c24ed]

GC Heap History (0 events):
No events

Deoptimization events (0 events):
No events

Classes unloaded (0 events):
No events

Classes redefined (0 events):
No events

Internal exceptions (0 events):
No events

Events (1 events):
Event: 0.011 Loaded shared library C:\Users\Maxi\Desktop\eclipse\plugins\org.eclipse.justj.openjdk.hotspot.jre.full.win32.x86_64_16.0.1.v20210528-1205\jre\bin\java.dll


Dynamic libraries:
0x00007ff7c8590000 - 0x00007ff7c859e000 	C:\Users\Maxi\Desktop\eclipse\plugins\org.eclipse.justj.openjdk.hotspot.jre.full.win32.x86_64_16.0.1.v20210528-1205\jre\bin\javaw.exe
0x00007ff8c1b50000 - 0x00007ff8c1d45000 	C:\WINDOWS\SYSTEM32\ntdll.dll
0x00007ff8c1840000 - 0x00007ff8c18fe000 	C:\WINDOWS\System32\KERNEL32.DLL
0x00007ff8bf720000 - 0x00007ff8bf9e9000 	C:\WINDOWS\System32\KERNELBASE.dll
0x00007ff8bfaa0000 - 0x00007ff8bfba0000 	C:\WINDOWS\System32\ucrtbase.dll
0x00007ff8afbe0000 - 0x00007ff8afbf8000 	C:\Users\Maxi\Desktop\eclipse\plugins\org.eclipse.justj.openjdk.hotspot.jre.full.win32.x86_64_16.0.1.v20210528-1205\jre\bin\jli.dll
0x00007ff8c0920000 - 0x00007ff8c0ac1000 	C:\WINDOWS\System32\USER32.dll
0x00007ff8bf430000 - 0x00007ff8bf452000 	C:\WINDOWS\System32\win32u.dll
0x00007ff8bff90000 - 0x00007ff8bffbb000 	C:\WINDOWS\System32\GDI32.dll
0x00007ff8bf460000 - 0x00007ff8bf56b000 	C:\WINDOWS\System32\gdi32full.dll
0x00007ff8bf650000 - 0x00007ff8bf6ed000 	C:\WINDOWS\System32\msvcp_win.dll
0x00007ff8ad550000 - 0x00007ff8ad569000 	C:\Users\Maxi\Desktop\eclipse\plugins\org.eclipse.justj.openjdk.hotspot.jre.full.win32.x86_64_16.0.1.v20210528-1205\jre\bin\VCRUNTIME140.dll
0x00007ff8ab990000 - 0x00007ff8abc2a000 	C:\WINDOWS\WinSxS\amd64_microsoft.windows.common-controls_6595b64144ccf1df_6.0.19041.1110_none_60b5254171f9507e\COMCTL32.dll
0x00007ff8c0640000 - 0x00007ff8c06de000 	C:\WINDOWS\System32\msvcrt.dll
0x00007ff8c0810000 - 0x00007ff8c0840000 	C:\WINDOWS\System32\IMM32.DLL
0x00007ff8b6850000 - 0x00007ff8b685c000 	C:\Users\Maxi\Desktop\eclipse\plugins\org.eclipse.justj.openjdk.hotspot.jre.full.win32.x86_64_16.0.1.v20210528-1205\jre\bin\vcruntime140_1.dll
0x00007ff89b930000 - 0x00007ff89b9c1000 	C:\Users\Maxi\Desktop\eclipse\plugins\org.eclipse.justj.openjdk.hotspot.jre.full.win32.x86_64_16.0.1.v20210528-1205\jre\bin\msvcp140.dll
0x00007ff874b00000 - 0x00007ff8756ab000 	C:\Users\Maxi\Desktop\eclipse\plugins\org.eclipse.justj.openjdk.hotspot.jre.full.win32.x86_64_16.0.1.v20210528-1205\jre\bin\server\jvm.dll
0x00007ff8bfc50000 - 0x00007ff8bfcfc000 	C:\WINDOWS\System32\ADVAPI32.dll
0x00007ff8c1270000 - 0x00007ff8c130b000 	C:\WINDOWS\System32\sechost.dll
0x00007ff8c06e0000 - 0x00007ff8c080a000 	C:\WINDOWS\System32\RPCRT4.dll
0x00007ff8c1310000 - 0x00007ff8c1318000 	C:\WINDOWS\System32\PSAPI.DLL
0x00007ff8b69c0000 - 0x00007ff8b69c9000 	C:\WINDOWS\SYSTEM32\WSOCK32.dll
0x00007ff8c08a0000 - 0x00007ff8c090b000 	C:\WINDOWS\System32\WS2_32.dll
0x00007ff8b6e40000 - 0x00007ff8b6e67000 	C:\WINDOWS\SYSTEM32\WINMM.dll
0x00007ff8b3e40000 - 0x00007ff8b3e4a000 	C:\WINDOWS\SYSTEM32\VERSION.dll
0x00007ff8bdb40000 - 0x00007ff8bdb52000 	C:\WINDOWS\SYSTEM32\kernel.appcore.dll
0x00007ff8b6990000 - 0x00007ff8b699a000 	C:\Users\Maxi\Desktop\eclipse\plugins\org.eclipse.justj.openjdk.hotspot.jre.full.win32.x86_64_16.0.1.v20210528-1205\jre\bin\jimage.dll
0x00007ff8bd140000 - 0x00007ff8bd324000 	C:\WINDOWS\SYSTEM32\DBGHELP.DLL
0x00007ff8b4330000 - 0x00007ff8b435c000 	C:\WINDOWS\SYSTEM32\dbgcore.DLL
0x00007ff8bf570000 - 0x00007ff8bf5f3000 	C:\WINDOWS\System32\bcryptPrimitives.dll
0x00007ff8ab900000 - 0x00007ff8ab925000 	C:\Users\Maxi\Desktop\eclipse\plugins\org.eclipse.justj.openjdk.hotspot.jre.full.win32.x86_64_16.0.1.v20210528-1205\jre\bin\java.dll

dbghelp: loaded successfully - version: 4.0.5 - missing functions: none
symbol engine: initialized successfully - sym options: 0x614 - pdb path: .;C:\Users\Maxi\Desktop\eclipse\plugins\org.eclipse.justj.openjdk.hotspot.jre.full.win32.x86_64_16.0.1.v20210528-1205\jre\bin;C:\WINDOWS\SYSTEM32;C:\WINDOWS\WinSxS\amd64_microsoft.windows.common-controls_6595b64144ccf1df_6.0.19041.1110_none_60b5254171f9507e;C:\Users\Maxi\Desktop\eclipse\plugins\org.eclipse.justj.openjdk.hotspot.jre.full.win32.x86_64_16.0.1.v20210528-1205\jre\bin\server

VM Arguments:
jvm_args: -Dfile.encoding=Cp1252 -XX:+ShowCodeDetailsInExceptionMessages 
java_command: inicio.JPAUtil
java_class_path (initial): C:\javaProject\ttps-JAVA\TrabajoFinal\target\classes;C:\Users\Maxi\Desktop\eclipse\plugins\org.junit_4.13.0.v20200204-1500.jar;C:\Users\Maxi\Desktop\eclipse\plugins\org.hamcrest.core_1.3.0.v20180420-1519.jar;C:\Users\Maxi\.m2\repository\mysql\mysql-connector-java\8.0.21\mysql-connector-java-8.0.21.jar;C:\Users\Maxi\.m2\repository\com\google\protobuf\protobuf-java\3.11.4\protobuf-java-3.11.4.jar;C:\Users\Maxi\.m2\repository\org\hibernate\hibernate-core\5.4.22.Final\hibernate-core-5.4.22.Final.jar;C:\Users\Maxi\.m2\repository\org\jboss\logging\jboss-logging\3.3.2.Final\jboss-logging-3.3.2.Final.jar;C:\Users\Maxi\.m2\repository\javax\persistence\javax.persistence-api\2.2\javax.persistence-api-2.2.jar;C:\Users\Maxi\.m2\repository\org\javassist\javassist\3.24.0-GA\javassist-3.24.0-GA.jar;C:\Users\Maxi\.m2\repository\net\bytebuddy\byte-buddy\1.10.10\byte-buddy-1.10.10.jar;C:\Users\Maxi\.m2\repository\antlr\antlr\2.7.7\antlr-2.7.7.jar;C:\Users\Maxi\.m2\repository\org\jboss\spec\javax\transaction\jboss-transaction-api_1.2_spec\1.1.1.Final\jboss-transaction-api_1.2_spec-1.1.1.Final.jar;C:\Users\Maxi\.m2\repository\org\jboss\jandex\2.1.3.Final\jandex-2.1.3.Final.jar;C:\Users\Maxi\.m2\repository\com\fasterxml\classmate\1.5.1\classmate-1.5.1.jar;C:\Users\Maxi\.m2\repository\javax\activation\javax.activation-api\1.2.0\javax.activation-api-1.2.0.jar;C:\Users\Maxi\.m2\repository\org\dom4j\dom4j\2.1.3\dom4j-2.1.3.jar;C:\Users\Maxi\.m2\repository\org\hibernate\common\hibernate-commons-annotations\5.1.0.Final\hibernate-commons-annotations-5.1.0.Final.jar;C:\Users\Maxi\.m2\repository\javax\xml\bind\jaxb-api\2.3.1\jaxb-api-2.3.1.jar;C:\Users\Maxi\.m2\repository\org\glassfish\jaxb\jaxb-runtime\2.3.1\jaxb-runtime-2.3.1.jar;C:\Users\Maxi\.m2\repository\org\glassfish\jaxb\txw2\2.3.1\txw2-2.3.1.jar;C:\Users\Maxi\.m2\repository\com\sun\istack\istack-commons-runtime\3.0.7\istack-commons-runtime-3.0.7.jar;C:\Users\Maxi\.m2\repository\org\jvnet\staxex\stax-ex\1.8\st
Launcher Type: SUN_STANDARD

[Global flags]
     intx CICompilerCount                          = 3                                         {product} {ergonomic}
     uint ConcGCThreads                            = 1                                         {product} {ergonomic}
     uint G1ConcRefinementThreads                  = 4                                         {product} {ergonomic}
   size_t G1HeapRegionSize                         = 1048576                                   {product} {ergonomic}
    uintx GCDrainStackTargetSize                   = 64                                        {product} {ergonomic}
   size_t InitialHeapSize                          = 134217728                                 {product} {ergonomic}
   size_t MarkStackSize                            = 4194304                                   {product} {ergonomic}
   size_t MaxHeapSize                              = 2118123520                                {product} {ergonomic}
   size_t MinHeapDeltaBytes                        = 1048576                                   {product} {ergonomic}
   size_t MinHeapSize                              = 8388608                                   {product} {ergonomic}
    uintx NonNMethodCodeHeapSize                   = 5832780                                {pd product} {ergonomic}
    uintx NonProfiledCodeHeapSize                  = 122912730                              {pd product} {ergonomic}
    uintx ProfiledCodeHeapSize                     = 122912730                              {pd product} {ergonomic}
    uintx ReservedCodeCacheSize                    = 251658240                              {pd product} {ergonomic}
     bool SegmentedCodeCache                       = true                                      {product} {ergonomic}
     bool ShowCodeDetailsInExceptionMessages       = true                                   {manageable} {command line}
   size_t SoftMaxHeapSize                          = 2118123520                             {manageable} {ergonomic}
     bool UseCompressedClassPointers               = true                           {product lp64_product} {ergonomic}
     bool UseCompressedOops                        = true                           {product lp64_product} {ergonomic}
     bool UseG1GC                                  = true                                      {product} {ergonomic}
     bool UseLargePagesIndividualAllocation        = false                                  {pd product} {ergonomic}

Logging:
Log output configuration:
 #0: stdout all=warning uptime,level,tags
 #1: stderr all=off uptime,level,tags

Environment Variables:
JAVA_HOME=C:\Program Files\Java\jdk1.8.0_301
PATH=C:/Users/Maxi/Desktop/eclipse//plugins/org.eclipse.justj.openjdk.hotspot.jre.full.win32.x86_64_16.0.1.v20210528-1205/jre/bin/server;C:/Users/Maxi/Desktop/eclipse//plugins/org.eclipse.justj.openjdk.hotspot.jre.full.win32.x86_64_16.0.1.v20210528-1205/jre/bin;C:\Users\Maxi\AppData\Local\Programs\Python\Python38\Scripts\;C:\Users\Maxi\AppData\Local\Programs\Python\Python38;C:\Program Files (x86)\Common Files\Oracle\Java\javapath;C:\WINDOWS\system32;C:\WINDOWS;C:\WINDOWS\System32\Wbem;C:\WINDOWS\System32\WindowsPowerShell\v1.0\;C:\WINDOWS\System32\OpenSSH\;C:\Program Files\nodejs\;C:\Program Files\TortoiseSVN\bin;C:\xampp\php;C:\ProgramData\ComposerSetup\bin;C:\Program Files\Symfony;C:\Program Files (x86)\Calibre2\;C:\Users\Maxi\.pyenv\pyenv-win\bin;C:\Users\Maxi\.pyenv\pyenv-win\shims;C:\Users\Maxi\.pyenv\pyenv-win\bin;C:\Users\Maxi\.pyenv\pyenv-win\shims;C:\Users\Maxi\AppData\Local\Programs\Python\Python38\Scripts\;C:\Users\Maxi\AppData\Local\Programs\Python\Python38\;C:\Program Files\Java\jdk-16.0.2;C:\Users\Maxi\AppData\Local\Microsoft\WindowsApps;C:\Users\Maxi\AppData\Roaming\npm;C:\Users\Maxi\AppData\Local\Programs\Microsoft VS Code\bin;C:\Users\Maxi\AppData\Local\Programs\Git\cmd;C:\Users\Maxi\AppData\Roaming\Composer\vendor\bin;C:\apache-maven-3.8.2\bin;C:\Program Files\MariaDB 10.3\bin;;C:\Users\Maxi\Desktop\eclipse;
USERNAME=Maxi
OS=Windows_NT
PROCESSOR_IDENTIFIER=Intel64 Family 6 Model 78 Stepping 3, GenuineIntel



---------------  S Y S T E M  ---------------

OS:
 Windows 10 , 64 bit Build 19041 (10.0.19041.1202)
OS uptime: 7 days 16:43 hours

CPU: total 4 (initial active 4) (2 cores per cpu, 2 threads per core) family 6 model 78 stepping 3 microcode 0xcc, cx8, cmov, fxsr, ht, mmx, 3dnowpref, sse, sse2, sse3, ssse3, sse4.1, sse4.2, popcnt, lzcnt, tsc, tscinvbit, avx, avx2, aes, erms, clmul, bmi1, bmi2, rtm, adx, fma, vzeroupper, clflush, clflushopt

Memory: 4k page, system-wide physical 8072M (1387M free)
TotalPageFile size 29243M (AvailPageFile size 52M)
current process WorkingSet (physical memory assigned to process): 9M, peak: 10M
current process commit charge ("private bytes"): 51M, peak: 179M

vm_info: OpenJDK 64-Bit Server VM (16.0.1+9-24) for windows-amd64 JRE (16.0.1+9-24), built on Mar 26 2021 19:30:07 by "mach5one" with MS VC++ 16.7 (VS2019)

END.
